<?xml version="1.0" encoding="UTF-8"?>
<!-- Generated by org.testng.reporters.JUnitXMLReporter -->
<testsuite hostname="DESKTOP-VQ1I7MO" ignored="4" name="Test" tests="2" failures="0" timestamp="25 Nov 2021 05:52:07 GMT" time="25.556" errors="0">
  <testcase name="tc22" time="6.805" classname="org.TestNG.Suiteclass"/>
  <testcase name="Tcs2" time="10.464" classname="org.TestNG.testNGprac$Suiteclass"/>
  <testcase name="Tcs3" time="0.0" classname="org.TestNG.testNGprac$Suiteclass">
    <ignored/>
  </testcase> <!-- Tcs3 -->
  <testcase name="Tcs1" time="0.0" classname="org.TestNG.testNGprac$Suiteclass">
    <ignored/>
  </testcase> <!-- Tcs1 -->
  <testcase name="tc11" time="0.0" classname="org.TestNG.Suiteclass">
    <ignored/>
  </testcase> <!-- tc11 -->
  <testcase name="tc33" time="0.0" classname="org.TestNG.Suiteclass">
    <ignored/>
  </testcase> <!-- tc33 -->
</testsuite> <!-- Test -->
