<?xml version="1.0" encoding="UTF-8"?>
<testng-results skipped="0" failed="0" ignored="4" total="6" passed="2">
  <reporter-output>
  </reporter-output>
  <suite name="Suite" duration-ms="25556" started-at="2021-11-25T05:51:42Z" finished-at="2021-11-25T05:52:07Z">
    <groups>
      <group name="Senthu">
        <method signature="Suiteclass.tc22()[pri:0, instance:org.TestNG.Suiteclass@71318ec4]" name="tc22" class="org.TestNG.Suiteclass"/>
        <method signature="testNGprac$Suiteclass.Tcs2()[pri:0, instance:org.TestNG.testNGprac$Suiteclass@21213b92]" name="Tcs2" class="org.TestNG.testNGprac$Suiteclass"/>
      </group> <!-- Senthu -->
    </groups>
    <test name="Test" duration-ms="25556" started-at="2021-11-25T05:51:42Z" finished-at="2021-11-25T05:52:07Z">
      <class name="org.TestNG.Suiteclass">
        <test-method status="PASS" signature="LaunchBrowser()[pri:0, instance:org.TestNG.Suiteclass@71318ec4]" name="LaunchBrowser" is-config="true" duration-ms="6030" started-at="2021-11-25T05:51:42Z" finished-at="2021-11-25T05:51:48Z">
          <reporter-output>
          </reporter-output>
        </test-method> <!-- LaunchBrowser -->
        <test-method status="PASS" signature="tc22()[pri:0, instance:org.TestNG.Suiteclass@71318ec4]" name="tc22" duration-ms="6805" started-at="2021-11-25T05:51:48Z" finished-at="2021-11-25T05:51:55Z">
          <reporter-output>
          </reporter-output>
        </test-method> <!-- tc22 -->
      </class> <!-- org.TestNG.Suiteclass -->
      <class name="org.TestNG.testNGprac$Suiteclass">
        <test-method status="PASS" signature="LaunchBrowser()[pri:0, instance:org.TestNG.testNGprac$Suiteclass@21213b92]" name="LaunchBrowser" is-config="true" duration-ms="2201" started-at="2021-11-25T05:51:55Z" finished-at="2021-11-25T05:51:57Z">
          <reporter-output>
          </reporter-output>
        </test-method> <!-- LaunchBrowser -->
        <test-method status="PASS" signature="Tcs2()[pri:0, instance:org.TestNG.testNGprac$Suiteclass@21213b92]" name="Tcs2" duration-ms="10464" started-at="2021-11-25T05:51:57Z" finished-at="2021-11-25T05:52:07Z">
          <reporter-output>
          </reporter-output>
        </test-method> <!-- Tcs2 -->
      </class> <!-- org.TestNG.testNGprac$Suiteclass -->
    </test> <!-- Test -->
  </suite> <!-- Suite -->
</testng-results>
